<?xml version="1.0" encoding="UTF-8"?>
<!-- Generated by org.testng.reporters.JUnitReportReporter -->
<testsuite name="com.jlc.pageobject.LoginPageBusiness" tests="1" time="99.366" ignored="0" failures="0" timestamp="05 一月 2017 13:14:09 GMT" skipped="0" hostname="jlcdeMBP.lan" errors="0">
  <testcase name="f" time="99.366" classname="com.jlc.pageobject.LoginPageBusiness"/>
</testsuite> <!-- com.jlc.pageobject.LoginPageBusiness -->
