<?xml version="1.0" encoding="UTF-8"?>
<!-- Generated by org.testng.reporters.JUnitReportReporter -->
<testsuite name="com.jlc.testng.Login" tests="1" time="61.293" ignored="0" failures="0" timestamp="09 一月 2017 15:57:27 GMT" skipped="0" hostname="jlcdeMacBook-Pro.local" errors="0">
  <testcase name="LoginForCtrip" time="61.293" classname="com.jlc.testng.Login"/>
</testsuite> <!-- com.jlc.testng.Login -->
